Active-HDL 13.0.375.8320 2025-12-30 13:10:56

Elaboration top modules:
VHDL Configuration            testbench_for_shiftrows


--------------------------------------------------------------------------------------------------
Entity       | Architecture    | Library | Info | Compiler Version          | Compilation Options
--------------------------------------------------------------------------------------------------
shiftrows_tb | TB_ARCHITECTURE | miniaes |      | 13.0.375.8320 (Windows64) | -O3
ShiftRows    | ShiftRows       | miniaes |      | 13.0.375.8320 (Windows64) | -O3
--------------------------------------------------------------------------------------------------

--------------------------------------------------------------------------------------------------
VHDL Configuration             | Library | Info | Compiler Version          | Compilation Options
--------------------------------------------------------------------------------------------------
testbench_for_shiftrows        | miniaes |      | 13.0.375.8320 (Windows64) | -O3
--------------------------------------------------------------------------------------------------

--------------------------------------------------------------------------------------------------
VHDL Package                   | Library | Info | Compiler Version          | Compilation Options
--------------------------------------------------------------------------------------------------
standard                       | std     |      |                           | <unavailable>
TEXTIO                         | std     |      | 13.0.375.8320 (Windows64) |  -2019
std_logic_1164                 | ieee    |      | 13.0.375.8320 (Windows64) |  -2008
NUMERIC_STD                    | ieee    |      | 13.0.375.8320 (Windows64) |  -2008
std_logic_arith                | ieee    |      | 13.0.375.8320 (Windows64) | <unavailable>
STD_LOGIC_UNSIGNED             | ieee    |      | 13.0.375.8320 (Windows64) | <unavailable>
--------------------------------------------------------------------------------------------------

--------------------------------------------------------------------------------------------------
Library                        | Comment
--------------------------------------------------------------------------------------------------
ieee                           | Standard IEEE packages library
miniaes                        | None
std                            | Standard VHDL library
--------------------------------------------------------------------------------------------------


Simulation Options: asim +access +r TESTBENCH_FOR_shiftrows

