# ELBREAD: Elaboration process.
# ELBREAD: Elaboration time 0.1 [s].
SetActiveLib -work
comp -include "$dsn\src\SubBytes.vhd" 
# Warning: DAGGEN_0523: The source is compiled without the -dbg switch. Line breakpoints and assertion debug will not be available.
# File: C:/My_Designs/CALAB/MiniAES/MiniAES/src/SubBytes.vhd
# Compile Entity "SubBytes"
# Compile Architecture "SubBytes" of Entity "SubBytes"
# Compile success 0 Errors 0 Warnings  Analysis time :  0.1 [s]
comp -include "$dsn\src\TestBench\subbytes_TB.vhd" 
# Warning: DAGGEN_0523: The source is compiled without the -dbg switch. Line breakpoints and assertion debug will not be available.
# File: C:/My_Designs/CALAB/MiniAES/MiniAES/src/TestBench/subbytes_TB.vhd
# Compile Entity "subbytes_tb"
# Compile Architecture "TB_ARCHITECTURE" of Entity "subbytes_tb"
# Compile Configuration "TESTBENCH_FOR_subbytes"
# Compile success 0 Errors 0 Warnings  Analysis time :  0.1 [s]
asim +access +r TESTBENCH_FOR_subbytes 
# ELBREAD: Elaboration process.
# ELBREAD: Elaboration time 0.1 [s].
# VSIM: Stack memory: 32MB
# VSIM: Retval memory: 32MB
# KERNEL: Main thread initiated.
# KERNEL: Kernel process initialization phase.
# ELAB2: Elaboration final pass...
# ELAB2: Create instances ...
# KERNEL: Time resolution set to 1ps.
# ELAB2: Create instances complete.
# SLP: Started
# SLP: Elaboration phase ...
# SLP: Elaboration phase ... skipped, nothing to simulate in SLP mode : 0.0 [s]
# SLP: Finished : 0.0 [s]
# ELAB2: Elaboration final pass complete - time: 0.1 [s].
# KERNEL: Kernel process initialization done.
# Allocation: Simulator allocated 5574 kB (elbread=427 elab2=5008 kernel=139 sdf=0)
# KERNEL: ASDB file was created in location C:\My_Designs\CALAB\MiniAES\MiniAES\src\wave.asdb
#  01:10 E.U, ??ĀO?E?, 9 I? 1404
#  Simulation has been initialized
wave 
wave -noreg input
wave -noreg encrypt
wave -noreg output
# # The following lines can be used for timing simulation
# # acom <backannotated_vhdl_file_name>
# # comp -include "$dsn\src\TestBench\subbytes_TB_tim_cfg.vhd" 
# # asim +access +r TIMING_FOR_subbytes 
# VSIM: 3 object(s) traced.
# Waveform file 'untitled.awc' connected to 'C:/My_Designs/CALAB/MiniAES/MiniAES/src/wave.asdb'.
run 100 ns
# KERNEL: stopped at time: 100 ns
# KERNEL: Simulation has finished. There are no more test vectors to simulate.
endsim
# VSIM: Simulation has finished.
SetActiveLib -work
comp -include "$dsn\src\ShiftRows.vhd" 
# Warning: DAGGEN_0523: The source is compiled without the -dbg switch. Line breakpoints and assertion debug will not be available.
# File: C:/My_Designs/CALAB/MiniAES/MiniAES/src/ShiftRows.vhd
# Compile Entity "ShiftRows"
# Compile Architecture "ShiftRows" of Entity "ShiftRows"
# Compile success 0 Errors 0 Warnings  Analysis time :  78.0 [ms]
comp -include "$dsn\src\TestBench\shiftrows_TB.vhd" 
# Warning: DAGGEN_0523: The source is compiled without the -dbg switch. Line breakpoints and assertion debug will not be available.
# File: C:/My_Designs/CALAB/MiniAES/MiniAES/src/TestBench/shiftrows_TB.vhd
# Compile Entity "shiftrows_tb"
# Compile Architecture "TB_ARCHITECTURE" of Entity "shiftrows_tb"
# Compile Configuration "TESTBENCH_FOR_shiftrows"
# Compile success 0 Errors 0 Warnings  Analysis time :  78.0 [ms]
asim +access +r TESTBENCH_FOR_shiftrows 
# ELBREAD: Elaboration process.
# ELBREAD: Elaboration time 0.0 [s].
# VSIM: Stack memory: 32MB
# VSIM: Retval memory: 32MB
# KERNEL: Main thread initiated.
# KERNEL: Kernel process initialization phase.
# ELAB2: Elaboration final pass...
# ELAB2: Create instances ...
# KERNEL: Time resolution set to 1ps.
# ELAB2: Create instances complete.
# SLP: Started
# SLP: Elaboration phase ...
# SLP: Elaboration phase ... skipped, nothing to simulate in SLP mode : 0.0 [s]
# SLP: Finished : 0.0 [s]
# ELAB2: Elaboration final pass complete - time: 0.0 [s].
# KERNEL: Kernel process initialization done.
# Allocation: Simulator allocated 5568 kB (elbread=427 elab2=5001 kernel=139 sdf=0)
# KERNEL: ASDB file was created in location C:\My_Designs\CALAB\MiniAES\MiniAES\src\wave.asdb
#  01:10 E.U, ??ĀO?E?, 9 I? 1404
#  Simulation has been initialized
wave 
wave -noreg input
wave -noreg encrypt
wave -noreg output
# # The following lines can be used for timing simulation
# # acom <backannotated_vhdl_file_name>
# # comp -include "$dsn\src\TestBench\shiftrows_TB_tim_cfg.vhd" 
# # asim +access +r TIMING_FOR_shiftrows 
# VSIM: 3 object(s) traced.
# Waveform file 'untitled.awc' connected to 'C:/My_Designs/CALAB/MiniAES/MiniAES/src/wave.asdb'.
run 100 ns
# KERNEL: stopped at time: 100 ns
# KERNEL: Simulation has finished. There are no more test vectors to simulate.
